c:\users\gaston blanco\desktop\ppiv\day1-setup\base codes\builds\d3d11_template_gateware_v5d\d3d11_template_gateware_v5d\d3d11_template_gateware\x64\debug\vc141.pdb
c:\users\gaston blanco\desktop\ppiv\day1-setup\base codes\builds\d3d11_template_gateware_v5d\d3d11_template_gateware_v5d\d3d11_template_gateware\x64\debug\vc141.idb
c:\users\gaston blanco\desktop\ppiv\day1-setup\base codes\builds\d3d11_template_gateware_v5d\d3d11_template_gateware_v5d\d3d11_template_gateware\x64\debug\gaudio.obj
c:\users\gaston blanco\desktop\ppiv\day1-setup\base codes\builds\d3d11_template_gateware_v5d\d3d11_template_gateware_v5d\d3d11_template_gateware\x64\debug\gdirectx11surface.obj
c:\users\gaston blanco\desktop\ppiv\day1-setup\base codes\builds\d3d11_template_gateware_v5d\d3d11_template_gateware_v5d\d3d11_template_gateware\x64\debug\gopenglsurface.obj
c:\users\gaston blanco\desktop\ppiv\day1-setup\base codes\builds\d3d11_template_gateware_v5d\d3d11_template_gateware_v5d\d3d11_template_gateware\x64\debug\gmatrix.obj
c:\users\gaston blanco\desktop\ppiv\day1-setup\base codes\builds\d3d11_template_gateware_v5d\d3d11_template_gateware_v5d\d3d11_template_gateware\x64\debug\gquaternion.obj
c:\users\gaston blanco\desktop\ppiv\day1-setup\base codes\builds\d3d11_template_gateware_v5d\d3d11_template_gateware_v5d\d3d11_template_gateware\x64\debug\gvector.obj
c:\users\gaston blanco\desktop\ppiv\day1-setup\base codes\builds\d3d11_template_gateware_v5d\d3d11_template_gateware_v5d\d3d11_template_gateware\x64\debug\gbi_callback.obj
c:\users\gaston blanco\desktop\ppiv\day1-setup\base codes\builds\d3d11_template_gateware_v5d\d3d11_template_gateware_v5d\d3d11_template_gateware\x64\debug\gbufferedinput.obj
c:\users\gaston blanco\desktop\ppiv\day1-setup\base codes\builds\d3d11_template_gateware_v5d\d3d11_template_gateware_v5d\d3d11_template_gateware\x64\debug\gfile.obj
c:\users\gaston blanco\desktop\ppiv\day1-setup\base codes\builds\d3d11_template_gateware_v5d\d3d11_template_gateware_v5d\d3d11_template_gateware\x64\debug\ginput.obj
c:\users\gaston blanco\desktop\ppiv\day1-setup\base codes\builds\d3d11_template_gateware_v5d\d3d11_template_gateware_v5d\d3d11_template_gateware\x64\debug\gi_callback.obj
c:\users\gaston blanco\desktop\ppiv\day1-setup\base codes\builds\d3d11_template_gateware_v5d\d3d11_template_gateware_v5d\d3d11_template_gateware\x64\debug\gi_static.obj
c:\users\gaston blanco\desktop\ppiv\day1-setup\base codes\builds\d3d11_template_gateware_v5d\d3d11_template_gateware_v5d\d3d11_template_gateware\x64\debug\glog.obj
c:\users\gaston blanco\desktop\ppiv\day1-setup\base codes\builds\d3d11_template_gateware_v5d\d3d11_template_gateware_v5d\d3d11_template_gateware\x64\debug\gwindow.obj
c:\users\gaston blanco\desktop\ppiv\day1-setup\base codes\builds\d3d11_template_gateware_v5d\d3d11_template_gateware_v5d\d3d11_template_gateware\x64\debug\main.obj
c:\users\gaston blanco\desktop\portfolioiv\d3d11_template_gateware_v5d\d3d11_template_gateware\x64\debug\vc141.pdb
c:\users\gaston blanco\desktop\portfolioiv\d3d11_template_gateware_v5d\d3d11_template_gateware\x64\debug\vc141.idb
c:\users\gaston blanco\desktop\portfolioiv\d3d11_template_gateware_v5d\d3d11_template_gateware\x64\debug\gaudio.obj
c:\users\gaston blanco\desktop\portfolioiv\d3d11_template_gateware_v5d\d3d11_template_gateware\x64\debug\gdirectx11surface.obj
c:\users\gaston blanco\desktop\portfolioiv\d3d11_template_gateware_v5d\d3d11_template_gateware\x64\debug\gopenglsurface.obj
c:\users\gaston blanco\desktop\portfolioiv\d3d11_template_gateware_v5d\d3d11_template_gateware\x64\debug\gmatrix.obj
c:\users\gaston blanco\desktop\portfolioiv\d3d11_template_gateware_v5d\d3d11_template_gateware\x64\debug\gquaternion.obj
c:\users\gaston blanco\desktop\portfolioiv\d3d11_template_gateware_v5d\d3d11_template_gateware\x64\debug\gvector.obj
c:\users\gaston blanco\desktop\portfolioiv\d3d11_template_gateware_v5d\d3d11_template_gateware\x64\debug\gbi_callback.obj
c:\users\gaston blanco\desktop\portfolioiv\d3d11_template_gateware_v5d\d3d11_template_gateware\x64\debug\gbufferedinput.obj
c:\users\gaston blanco\desktop\portfolioiv\d3d11_template_gateware_v5d\d3d11_template_gateware\x64\debug\gfile.obj
c:\users\gaston blanco\desktop\portfolioiv\d3d11_template_gateware_v5d\d3d11_template_gateware\x64\debug\ginput.obj
c:\users\gaston blanco\desktop\portfolioiv\d3d11_template_gateware_v5d\d3d11_template_gateware\x64\debug\gi_callback.obj
c:\users\gaston blanco\desktop\portfolioiv\d3d11_template_gateware_v5d\d3d11_template_gateware\x64\debug\gi_static.obj
c:\users\gaston blanco\desktop\portfolioiv\d3d11_template_gateware_v5d\d3d11_template_gateware\x64\debug\glog.obj
c:\users\gaston blanco\desktop\portfolioiv\d3d11_template_gateware_v5d\d3d11_template_gateware\x64\debug\gwindow.obj
c:\users\gaston blanco\desktop\portfolioiv\d3d11_template_gateware_v5d\d3d11_template_gateware\x64\debug\main.obj
c:\users\gaston blanco\desktop\portfolioiv\d3d11_template_gateware_v5d\d3d11_template_gateware\x64\debug\ddstextureloader.obj
c:\users\gaston blanco\desktop\ppiv\day1-setup\base codes\builds\d3d11_template_gateware_v5d\d3d11_template_gateware_v5d\d3d11_template_gateware\ps_shader.csh
c:\users\gaston blanco\desktop\ppiv\day1-setup\base codes\builds\d3d11_template_gateware_v5d\d3d11_template_gateware_v5d\x64\debug\ps_shader.cso
c:\users\gaston blanco\desktop\ppiv\day1-setup\base codes\builds\d3d11_template_gateware_v5d\d3d11_template_gateware_v5d\d3d11_template_gateware\vs_shader.csh
c:\users\gaston blanco\desktop\ppiv\day1-setup\base codes\builds\d3d11_template_gateware_v5d\d3d11_template_gateware_v5d\x64\debug\vs_shader.cso
c:\users\gaston blanco\desktop\portfolioiv\d3d11_template_gateware_v5d\d3d11_template_gateware\ps_shader.csh
c:\users\gaston blanco\desktop\portfolioiv\d3d11_template_gateware_v5d\d3d11_template_gateware\vs_shader.csh
c:\users\gaston blanco\desktop\portfolioiv\d3d11_template_gateware_v5d\x64\debug\ps_shader.cso
c:\users\gaston blanco\desktop\portfolioiv\d3d11_template_gateware_v5d\x64\debug\vs_shader.cso
c:\users\gaston blanco\desktop\portfolioiv\d3d11_template_gateware_v5d\d3d11_template_gateware\ps_texture.csh
c:\users\gaston blanco\desktop\portfolioiv\d3d11_template_gateware_v5d\x64\debug\ps_texture.cso
c:\users\gaston blanco\desktop\portfolioiv\d3d11_template_gateware_v5d\d3d11_template_gateware\ps_sky.csh
c:\users\gaston blanco\desktop\portfolioiv\d3d11_template_gateware_v5d\d3d11_template_gateware\vs_sky.csh
c:\users\gaston blanco\desktop\portfolioiv\d3d11_template_gateware_v5d\x64\debug\ps_sky.cso
c:\users\gaston blanco\desktop\portfolioiv\d3d11_template_gateware_v5d\x64\debug\vs_sky.cso
c:\users\gaston blanco\desktop\portfolioiv\d3d11_template_gateware_v5d\d3d11_template_gateware\ps_point.csh
c:\users\gaston blanco\desktop\portfolioiv\d3d11_template_gateware_v5d\x64\debug\ps_point.cso
c:\users\gaston blanco\desktop\portfolioiv\d3d11_template_gateware_v5d\d3d11_template_gateware\ps_emissive.csh
c:\users\gaston blanco\desktop\portfolioiv\d3d11_template_gateware_v5d\x64\debug\ps_emissive.cso
c:\users\gaston blanco\desktop\portfolioiv\d3d11_template_gateware_v5d\d3d11_template_gateware\ps_grayscale.csh
c:\users\gaston blanco\desktop\portfolioiv\d3d11_template_gateware_v5d\x64\debug\ps_grayscale.cso
c:\users\gaston blanco\desktop\ppiv\day1-setup\base codes\builds\d3d11_template_gateware_v5d\d3d11_template_gateware_v5d\x64\debug\d3d11_template_gateware.ilk
c:\users\gaston blanco\desktop\ppiv\day1-setup\base codes\builds\d3d11_template_gateware_v5d\d3d11_template_gateware_v5d\x64\debug\d3d11_template_gateware.exe
c:\users\gaston blanco\desktop\ppiv\day1-setup\base codes\builds\d3d11_template_gateware_v5d\d3d11_template_gateware_v5d\x64\debug\d3d11_template_gateware.pdb
c:\users\gaston blanco\desktop\portfolioiv\d3d11_template_gateware_v5d\x64\debug\d3d11_template_gateware.ilk
c:\users\gaston blanco\desktop\portfolioiv\d3d11_template_gateware_v5d\x64\debug\d3d11_template_gateware.exe
c:\users\gaston blanco\desktop\portfolioiv\d3d11_template_gateware_v5d\x64\debug\d3d11_template_gateware.pdb
c:\users\gaston blanco\desktop\portfolioiv\d3d11_template_gateware_v5d\d3d11_template_gateware\x64\debug\d3d11_te.c7374697.tlog\cl.command.1.tlog
c:\users\gaston blanco\desktop\portfolioiv\d3d11_template_gateware_v5d\d3d11_template_gateware\x64\debug\d3d11_te.c7374697.tlog\cl.read.1.tlog
c:\users\gaston blanco\desktop\portfolioiv\d3d11_template_gateware_v5d\d3d11_template_gateware\x64\debug\d3d11_te.c7374697.tlog\cl.write.1.tlog
c:\users\gaston blanco\desktop\portfolioiv\d3d11_template_gateware_v5d\d3d11_template_gateware\x64\debug\d3d11_te.c7374697.tlog\d3d11_template_gateware.write.1u.tlog
c:\users\gaston blanco\desktop\portfolioiv\d3d11_template_gateware_v5d\d3d11_template_gateware\x64\debug\d3d11_te.c7374697.tlog\fxc.command.1.tlog
c:\users\gaston blanco\desktop\portfolioiv\d3d11_template_gateware_v5d\d3d11_template_gateware\x64\debug\d3d11_te.c7374697.tlog\fxc.read.1.tlog
c:\users\gaston blanco\desktop\portfolioiv\d3d11_template_gateware_v5d\d3d11_template_gateware\x64\debug\d3d11_te.c7374697.tlog\fxc.write.1.tlog
c:\users\gaston blanco\desktop\portfolioiv\d3d11_template_gateware_v5d\d3d11_template_gateware\x64\debug\d3d11_te.c7374697.tlog\link.command.1.tlog
c:\users\gaston blanco\desktop\portfolioiv\d3d11_template_gateware_v5d\d3d11_template_gateware\x64\debug\d3d11_te.c7374697.tlog\link.read.1.tlog
c:\users\gaston blanco\desktop\portfolioiv\d3d11_template_gateware_v5d\d3d11_template_gateware\x64\debug\d3d11_te.c7374697.tlog\link.write.1.tlog
